# Activity Log

## Run Summary
- 2026-01-20 18:03:31 | run=20260120-173752-17085 | iter=4 | mode=build | story=US-015 | duration=424s | status=success
- 2026-01-20 17:56:25 | run=20260120-173752-17085 | iter=3 | mode=build | story=US-015 | duration=531s | status=error
- 2026-01-20 17:47:32 | run=20260120-173752-17085 | iter=2 | mode=build | story=US-013 | duration=391s | status=success
- 2026-01-20 17:40:59 | run=20260120-173752-17085 | iter=1 | mode=build | story=US-012 | duration=187s | status=success
- 2026-01-20 17:37:26 | run=20260120-161100-59083 | iter=21 | mode=build | story=US-011 | duration=156s | status=error
- 2026-01-20 17:34:48 | run=20260120-161100-59083 | iter=20 | mode=build | story=US-011 | duration=139s | status=error
- 2026-01-20 17:32:26 | run=20260120-161100-59083 | iter=19 | mode=build | story=US-011 | duration=124s | status=error
- 2026-01-20 17:30:20 | run=20260120-161100-59083 | iter=18 | mode=build | story=US-011 | duration=131s | status=error
- 2026-01-20 17:28:05 | run=20260120-161100-59083 | iter=17 | mode=build | story=US-011 | duration=85s | status=error
- 2026-01-20 17:26:37 | run=20260120-161100-59083 | iter=16 | mode=build | story=US-011 | duration=86s | status=error
- 2026-01-20 17:25:09 | run=20260120-161100-59083 | iter=15 | mode=build | story=US-011 | duration=95s | status=error
- 2026-01-20 17:23:32 | run=20260120-161100-59083 | iter=14 | mode=build | story=US-011 | duration=103s | status=error
- 2026-01-20 17:21:47 | run=20260120-161100-59083 | iter=13 | mode=build | story=US-010 | duration=386s | status=success
- 2026-01-20 17:15:18 | run=20260120-161100-59083 | iter=12 | mode=build | story=US-009 | duration=400s | status=success
- 2026-01-20 17:08:36 | run=20260120-161100-59083 | iter=11 | mode=build | story=US-008 | duration=226s | status=success
- 2026-01-20 17:04:48 | run=20260120-161100-59083 | iter=10 | mode=build | story=US-008 | duration=379s | status=error
- 2026-01-20 16:58:27 | run=20260120-161100-59083 | iter=9 | mode=build | story=US-007 | duration=389s | status=success
- 2026-01-20 16:51:56 | run=20260120-161100-59083 | iter=8 | mode=build | story=US-006 | duration=184s | status=success
- 2026-01-20 16:48:50 | run=20260120-161100-59083 | iter=7 | mode=build | story=US-006 | duration=318s | status=error
- 2026-01-20 16:43:30 | run=20260120-161100-59083 | iter=6 | mode=build | story=US-005 | duration=199s | status=success
- 2026-01-20 16:40:09 | run=20260120-161100-59083 | iter=5 | mode=build | story=US-005 | duration=458s | status=error
- 2026-01-20 16:32:29 | run=20260120-161100-59083 | iter=4 | mode=build | story=US-004 | duration=348s | status=success
- 2026-01-20 16:26:39 | run=20260120-161100-59083 | iter=3 | mode=build | story=US-003 | duration=214s | status=success
- 2026-01-20 16:23:03 | run=20260120-161100-59083 | iter=2 | mode=build | story=US-002 | duration=417s | status=success
- 2026-01-20 16:16:04 | run=20260120-161100-59083 | iter=1 | mode=build | story=US-001 | duration=304s | status=success

## Events

[2026-01-20 15:03:12] ITERATION 1 start (mode=build story=US-001)
[2026-01-20 16:11:00] ITERATION 1 start (mode=build story=US-001)
[2026-01-20 16:16:04] ITERATION 1 end (duration=304s)
[2026-01-20 16:16:06] ITERATION 2 start (mode=build story=US-002)
[2026-01-20 16:23:03] ITERATION 2 end (duration=417s)
[2026-01-20 16:23:05] ITERATION 3 start (mode=build story=US-003)
[2026-01-20 16:26:39] ITERATION 3 end (duration=214s)
[2026-01-20 16:26:41] ITERATION 4 start (mode=build story=US-004)
[2026-01-20 16:32:29] ITERATION 4 end (duration=348s)
[2026-01-20 16:32:32] ITERATION 5 start (mode=build story=US-005)
[2026-01-20 16:33:35] Starting US-005: Implement setup subcommand
[2026-01-20 16:39:26] US-005: All tests pass (84 tests), preparing to commit
[2026-01-20 16:40:09] ITERATION 5 end (duration=458s)
[2026-01-20 16:40:11] ITERATION 6 start (mode=build story=US-005)
[2026-01-20 16:43:30] ITERATION 6 end (duration=199s)
[2026-01-20 16:43:33] ITERATION 7 start (mode=build story=US-006)
[2026-01-20 16:48:50] ITERATION 7 end (duration=318s)
[2026-01-20 16:48:53] ITERATION 8 start (mode=build story=US-006)
[2026-01-20 16:51:56] ITERATION 8 end (duration=184s)
[2026-01-20 16:51:59] ITERATION 9 start (mode=build story=US-007)
[2026-01-20 16:58:27] ITERATION 9 end (duration=389s)
[2026-01-20 16:58:29] ITERATION 10 start (mode=build story=US-008)
[2026-01-20 17:04:48] ITERATION 10 end (duration=379s)
[2026-01-20 17:04:50] ITERATION 11 start (mode=build story=US-008)
[2026-01-20 17:08:36] ITERATION 11 end (duration=226s)
[2026-01-20 17:08:39] ITERATION 12 start (mode=build story=US-009)
[2026-01-20 17:13:57] Completed US-009 implementation: trace errors and costs commands. All 156 tests pass.
[2026-01-20 17:15:18] ITERATION 12 end (duration=400s)
[2026-01-20 17:15:20] ITERATION 13 start (mode=build story=US-010)
[2026-01-20 17:20:26] All quality gates passed: ruff check and 171 pytest tests for US-010
[2026-01-20 17:21:46] ITERATION 13 end (duration=386s)
[2026-01-20 17:21:49] ITERATION 14 start (mode=build story=US-011)
[2026-01-20 17:23:32] ITERATION 14 end (duration=103s)
[2026-01-20 17:23:35] ITERATION 15 start (mode=build story=US-011)
[2026-01-20 17:25:09] ITERATION 15 end (duration=95s)
[2026-01-20 17:25:11] ITERATION 16 start (mode=build story=US-011)
[2026-01-20 17:26:37] ITERATION 16 end (duration=86s)
[2026-01-20 17:26:40] ITERATION 17 start (mode=build story=US-011)
[2026-01-20 17:28:05] ITERATION 17 end (duration=85s)
[2026-01-20 17:28:08] ITERATION 18 start (mode=build story=US-011)
[2026-01-20 17:30:19] ITERATION 18 end (duration=131s)
[2026-01-20 17:30:22] ITERATION 19 start (mode=build story=US-011)
[2026-01-20 17:32:26] ITERATION 19 end (duration=124s)
[2026-01-20 17:32:29] ITERATION 20 start (mode=build story=US-011)
[2026-01-20 17:34:48] ITERATION 20 end (duration=139s)
[2026-01-20 17:34:50] ITERATION 21 start (mode=build story=US-011)
[2026-01-20 17:37:26] ITERATION 21 end (duration=156s)
[2026-01-20 17:37:28] ITERATION 22 start (mode=build story=US-011)
[2026-01-20 17:37:52] ITERATION 1 start (mode=build story=US-012)
[2026-01-20 17:40:59] ITERATION 1 end (duration=187s)
[2026-01-20 17:41:01] ITERATION 2 start (mode=build story=US-013)
[2026-01-20 17:47:32] ITERATION 2 end (duration=391s)
[2026-01-20 17:47:34] ITERATION 3 start (mode=build story=US-015)
[2026-01-20 17:56:25] ITERATION 3 end (duration=531s)
[2026-01-20 17:56:27] ITERATION 4 start (mode=build story=US-015)
[2026-01-20 18:01:55] Fixed langfuse_utils.py to use _safe_get consistently for observation handling, improved retry logic in integration tests
[2026-01-20 18:03:31] ITERATION 4 end (duration=424s)
